[INFO  - 2017-11-07T14:03:43.679Z] GhostDriver - Main - running on port 48073
[INFO  - 2017-11-07T14:03:44.137Z] Session [77570f10-c3c4-11e7-9eaa-4dcffb7111a2] - page.settings - {"XSSAuditingEnabled":false,"javascriptCanCloseWindows":true,"javascriptCanOpenWindows":true,"javascriptEnabled":true,"loadImages":true,"localToRemoteUrlAccessEnabled":false,"userAgent":"Mozilla/5.0 (Macintosh; Intel Mac OS X) AppleWebKit/538.1 (KHTML, like Gecko) PhantomJS/2.1.1 Safari/538.1","webSecurityEnabled":true}
[INFO  - 2017-11-07T14:03:44.138Z] Session [77570f10-c3c4-11e7-9eaa-4dcffb7111a2] - page.customHeaders:  - {}
[INFO  - 2017-11-07T14:03:44.139Z] Session [77570f10-c3c4-11e7-9eaa-4dcffb7111a2] - Session.negotiatedCapabilities - {"browserName":"phantomjs","version":"2.1.1","driverName":"ghostdriver","driverVersion":"1.2.0","platform":"mac-unknown-64bit","javascriptEnabled":true,"takesScreenshot":true,"handlesAlerts":false,"databaseEnabled":false,"locationContextEnabled":false,"applicationCacheEnabled":false,"browserConnectionEnabled":false,"cssSelectorsEnabled":true,"webStorageEnabled":false,"rotatable":false,"acceptSslCerts":false,"nativeEvents":true,"proxy":{"proxyType":"direct"}}
[INFO  - 2017-11-07T14:03:44.139Z] SessionManagerReqHand - _postNewSessionCommand - New Session Created: 77570f10-c3c4-11e7-9eaa-4dcffb7111a2
[ERROR - 2017-11-07T14:03:46.494Z] WebElementLocator - _handleLocateCommand - Element(s) NOT Found: GAVE UP. Search Stop Time: 1510063426437
[INFO  - 2017-11-07T14:03:46.721Z] ShutdownReqHand - _handle - About to shutdown
[INFO  - 2017-11-07T14:04:31.952Z] GhostDriver - Main - running on port 10606
[INFO  - 2017-11-07T14:04:32.284Z] Session [940a2a70-c3c4-11e7-9f43-0ba60a2ffa9d] - page.settings - {"XSSAuditingEnabled":false,"javascriptCanCloseWindows":true,"javascriptCanOpenWindows":true,"javascriptEnabled":true,"loadImages":true,"localToRemoteUrlAccessEnabled":false,"userAgent":"Mozilla/5.0 (Macintosh; Intel Mac OS X) AppleWebKit/538.1 (KHTML, like Gecko) PhantomJS/2.1.1 Safari/538.1","webSecurityEnabled":true}
[INFO  - 2017-11-07T14:04:32.285Z] Session [940a2a70-c3c4-11e7-9f43-0ba60a2ffa9d] - page.customHeaders:  - {}
[INFO  - 2017-11-07T14:04:32.285Z] Session [940a2a70-c3c4-11e7-9f43-0ba60a2ffa9d] - Session.negotiatedCapabilities - {"browserName":"phantomjs","version":"2.1.1","driverName":"ghostdriver","driverVersion":"1.2.0","platform":"mac-unknown-64bit","javascriptEnabled":true,"takesScreenshot":true,"handlesAlerts":false,"databaseEnabled":false,"locationContextEnabled":false,"applicationCacheEnabled":false,"browserConnectionEnabled":false,"cssSelectorsEnabled":true,"webStorageEnabled":false,"rotatable":false,"acceptSslCerts":false,"nativeEvents":true,"proxy":{"proxyType":"direct"}}
[INFO  - 2017-11-07T14:04:32.285Z] SessionManagerReqHand - _postNewSessionCommand - New Session Created: 940a2a70-c3c4-11e7-9f43-0ba60a2ffa9d
[ERROR - 2017-11-07T14:04:34.630Z] WebElementLocator - _handleLocateCommand - Element(s) NOT Found: GAVE UP. Search Stop Time: 1510063474590
[INFO  - 2017-11-07T14:04:34.808Z] ShutdownReqHand - _handle - About to shutdown
[INFO  - 2017-11-07T14:05:14.014Z] GhostDriver - Main - running on port 4137
[INFO  - 2017-11-07T14:05:14.419Z] Session [ad274dd0-c3c4-11e7-b276-073fea1d24dc] - page.settings - {"XSSAuditingEnabled":false,"javascriptCanCloseWindows":true,"javascriptCanOpenWindows":true,"javascriptEnabled":true,"loadImages":true,"localToRemoteUrlAccessEnabled":false,"userAgent":"Mozilla/5.0 (Macintosh; Intel Mac OS X) AppleWebKit/538.1 (KHTML, like Gecko) PhantomJS/2.1.1 Safari/538.1","webSecurityEnabled":true}
[INFO  - 2017-11-07T14:05:14.419Z] Session [ad274dd0-c3c4-11e7-b276-073fea1d24dc] - page.customHeaders:  - {}
[INFO  - 2017-11-07T14:05:14.419Z] Session [ad274dd0-c3c4-11e7-b276-073fea1d24dc] - Session.negotiatedCapabilities - {"browserName":"phantomjs","version":"2.1.1","driverName":"ghostdriver","driverVersion":"1.2.0","platform":"mac-unknown-64bit","javascriptEnabled":true,"takesScreenshot":true,"handlesAlerts":false,"databaseEnabled":false,"locationContextEnabled":false,"applicationCacheEnabled":false,"browserConnectionEnabled":false,"cssSelectorsEnabled":true,"webStorageEnabled":false,"rotatable":false,"acceptSslCerts":false,"nativeEvents":true,"proxy":{"proxyType":"direct"}}
[INFO  - 2017-11-07T14:05:14.419Z] SessionManagerReqHand - _postNewSessionCommand - New Session Created: ad274dd0-c3c4-11e7-b276-073fea1d24dc
[INFO  - 2017-11-07T14:05:24.864Z] ShutdownReqHand - _handle - About to shutdown
[INFO  - 2017-11-12T16:29:37.363Z] GhostDriver - Main - running on port 40740
[INFO  - 2017-11-12T16:29:37.909Z] Session [ad0f69d0-c7c6-11e7-a796-1bee19a027f1] - page.settings - {"XSSAuditingEnabled":false,"javascriptCanCloseWindows":true,"javascriptCanOpenWindows":true,"javascriptEnabled":true,"loadImages":true,"localToRemoteUrlAccessEnabled":false,"userAgent":"Mozilla/5.0 (Macintosh; Intel Mac OS X) AppleWebKit/538.1 (KHTML, like Gecko) PhantomJS/2.1.1 Safari/538.1","webSecurityEnabled":false}
[INFO  - 2017-11-12T16:29:37.909Z] Session [ad0f69d0-c7c6-11e7-a796-1bee19a027f1] - page.customHeaders:  - {}
[INFO  - 2017-11-12T16:29:37.909Z] Session [ad0f69d0-c7c6-11e7-a796-1bee19a027f1] - Session.negotiatedCapabilities - {"browserName":"phantomjs","version":"2.1.1","driverName":"ghostdriver","driverVersion":"1.2.0","platform":"mac-unknown-64bit","javascriptEnabled":true,"takesScreenshot":true,"handlesAlerts":false,"databaseEnabled":false,"locationContextEnabled":false,"applicationCacheEnabled":false,"browserConnectionEnabled":false,"cssSelectorsEnabled":true,"webStorageEnabled":false,"rotatable":false,"acceptSslCerts":false,"nativeEvents":true,"proxy":{"proxyType":"direct"}}
[INFO  - 2017-11-12T16:29:37.909Z] SessionManagerReqHand - _postNewSessionCommand - New Session Created: ad0f69d0-c7c6-11e7-a796-1bee19a027f1
[INFO  - 2017-11-12T16:29:46.949Z] ShutdownReqHand - _handle - About to shutdown
